<?xml version="1.0" encoding="UTF-8"?>
<!-- Generated by org.testng.reporters.JUnitXMLReporter -->
<testsuite ignored="0" hostname="DESKTOP-MCUKVIP" failures="0" tests="5" name="Default test" time="0.093" errors="0" timestamp="2023-09-14T16:33:39 IST">
  <testcase classname="TestingJenkins.Country3" name="hi" time="0.013"/>
  <testcase classname="TestingJenkins.Country3" name="il" time="0.002"/>
  <testcase classname="TestingJenkins.Country3" name="kw" time="0.003"/>
  <testcase classname="TestingJenkins.Country3" name="nor" time="0.003"/>
  <testcase classname="TestingJenkins.Country3" name="to" time="0.004"/>
</testsuite> <!-- Default test -->
