<?xml version="1.0" encoding="UTF-8"?>
<testng-results ignored="0" total="15" passed="15" failed="0" skipped="0">
  <reporter-output>
  </reporter-output>
  <suite started-at="2023-09-15T11:36:38 IST" name="Suite" finished-at="2023-09-15T11:36:38 IST" duration-ms="377">
    <groups>
    </groups>
    <test started-at="2023-09-15T11:36:38 IST" name="Test" finished-at="2023-09-15T11:36:38 IST" duration-ms="377">
      <class name="TestingJenkins.Country1">
        <test-method signature="eg()[pri:0, instance:TestingJenkins.Country1@2f9f7dcf]" started-at="2023-09-15T11:36:38 IST" name="eg" finished-at="2023-09-15T11:36:38 IST" duration-ms="27" status="PASS">
          <reporter-output>
          </reporter-output>
        </test-method> <!-- eg -->
        <test-method signature="fin()[pri:0, instance:TestingJenkins.Country1@2f9f7dcf]" started-at="2023-09-15T11:36:38 IST" name="fin" finished-at="2023-09-15T11:36:38 IST" duration-ms="6" status="PASS">
          <reporter-output>
          </reporter-output>
        </test-method> <!-- fin -->
        <test-method signature="ger()[pri:0, instance:TestingJenkins.Country1@2f9f7dcf]" started-at="2023-09-15T11:36:38 IST" name="ger" finished-at="2023-09-15T11:36:38 IST" duration-ms="20" status="PASS">
          <reporter-output>
          </reporter-output>
        </test-method> <!-- ger -->
        <test-method signature="sco()[pri:0, instance:TestingJenkins.Country1@2f9f7dcf]" started-at="2023-09-15T11:36:38 IST" name="sco" finished-at="2023-09-15T11:36:38 IST" duration-ms="3" status="PASS">
          <reporter-output>
          </reporter-output>
        </test-method> <!-- sco -->
        <test-method signature="spa()[pri:0, instance:TestingJenkins.Country1@2f9f7dcf]" started-at="2023-09-15T11:36:38 IST" name="spa" finished-at="2023-09-15T11:36:38 IST" duration-ms="3" status="PASS">
          <reporter-output>
          </reporter-output>
        </test-method> <!-- spa -->
      </class> <!-- TestingJenkins.Country1 -->
      <class name="TestingJenkins.Country2">
        <test-method signature="ang()[pri:0, instance:TestingJenkins.Country2@6aeb35e6]" started-at="2023-09-15T11:36:38 IST" name="ang" finished-at="2023-09-15T11:36:38 IST" duration-ms="4" status="PASS">
          <reporter-output>
          </reporter-output>
        </test-method> <!-- ang -->
        <test-method signature="ger()[pri:0, instance:TestingJenkins.Country2@6aeb35e6]" started-at="2023-09-15T11:36:38 IST" name="ger" finished-at="2023-09-15T11:36:38 IST" duration-ms="25" status="PASS">
          <reporter-output>
          </reporter-output>
        </test-method> <!-- ger -->
        <test-method signature="ir()[pri:0, instance:TestingJenkins.Country2@6aeb35e6]" started-at="2023-09-15T11:36:38 IST" name="ir" finished-at="2023-09-15T11:36:38 IST" duration-ms="4" status="PASS">
          <reporter-output>
          </reporter-output>
        </test-method> <!-- ir -->
        <test-method signature="pe()[pri:0, instance:TestingJenkins.Country2@6aeb35e6]" started-at="2023-09-15T11:36:38 IST" name="pe" finished-at="2023-09-15T11:36:38 IST" duration-ms="2" status="PASS">
          <reporter-output>
          </reporter-output>
        </test-method> <!-- pe -->
        <test-method signature="ti()[pri:0, instance:TestingJenkins.Country2@6aeb35e6]" started-at="2023-09-15T11:36:38 IST" name="ti" finished-at="2023-09-15T11:36:38 IST" duration-ms="2" status="PASS">
          <reporter-output>
          </reporter-output>
        </test-method> <!-- ti -->
      </class> <!-- TestingJenkins.Country2 -->
      <class name="TestingJenkins.Country3">
        <test-method signature="hi()[pri:0, instance:TestingJenkins.Country3@1283bb96]" started-at="2023-09-15T11:36:38 IST" name="hi" finished-at="2023-09-15T11:36:38 IST" duration-ms="3" status="PASS">
          <reporter-output>
          </reporter-output>
        </test-method> <!-- hi -->
        <test-method signature="il()[pri:0, instance:TestingJenkins.Country3@1283bb96]" started-at="2023-09-15T11:36:38 IST" name="il" finished-at="2023-09-15T11:36:38 IST" duration-ms="6" status="PASS">
          <reporter-output>
          </reporter-output>
        </test-method> <!-- il -->
        <test-method signature="kw()[pri:0, instance:TestingJenkins.Country3@1283bb96]" started-at="2023-09-15T11:36:38 IST" name="kw" finished-at="2023-09-15T11:36:38 IST" duration-ms="4" status="PASS">
          <reporter-output>
          </reporter-output>
        </test-method> <!-- kw -->
        <test-method signature="nor()[pri:0, instance:TestingJenkins.Country3@1283bb96]" started-at="2023-09-15T11:36:38 IST" name="nor" finished-at="2023-09-15T11:36:38 IST" duration-ms="17" status="PASS">
          <reporter-output>
          </reporter-output>
        </test-method> <!-- nor -->
        <test-method signature="to()[pri:0, instance:TestingJenkins.Country3@1283bb96]" started-at="2023-09-15T11:36:38 IST" name="to" finished-at="2023-09-15T11:36:38 IST" duration-ms="2" status="PASS">
          <reporter-output>
          </reporter-output>
        </test-method> <!-- to -->
      </class> <!-- TestingJenkins.Country3 -->
    </test> <!-- Test -->
  </suite> <!-- Suite -->
</testng-results>
